# JRE version: OpenJDK Runtime Environment Temurin-17.0.6+10 (17.0.6+10) (build 17.0.6+10)
# Java VM: OpenJDK 64-Bit Server VM Temurin-17.0.6+10 (17.0.6+10, mixed mode, sharing, tiered, compressed oops, compressed class ptrs, g1 gc, windows-amd64)
GC Precious Log:
 CPUs: 8 total, 8 available
 Memory: 7979M
 Large Page Support: Disabled
 NUMA Support: Disabled
 Compressed Oops: Enabled (32-bit)
 Heap Region Size: 1M
 Heap Min Capacity: 8M
 Heap Initial Capacity: 8M
 Heap Max Capacity: 1996M
 Pre-touch: Disabled
 Parallel Workers: 8
 Concurrent Workers: 2
 Concurrent Refinement Workers: 8
 Periodic GC: Disabled
Heap:
 garbage-first heap   total 34816K, used 14429K [0x0000000083400000, 0x0000000100000000)
  region size 1024K, 8 young (8192K), 1 survivors (1024K)
 Metaspace       used 9745K, committed 9920K, reserved 1064960K
  class space    used 1115K, committed 1216K, reserved 1048576K
GC Heap History (20 events):
Event: 0.337 GC heap before
{Heap before GC invocations=3 (full 0):
 garbage-first heap   total 8192K, used 3199K [0x0000000083400000, 0x0000000100000000)
  region size 1024K, 2 young (2048K), 1 survivors (1024K)
 Metaspace       used 7561K, committed 7744K, reserved 1064960K
  class space    used 871K, committed 960K, reserved 1048576K
}
Event: 0.338 GC heap after
{Heap after GC invocations=4 (full 0):
 garbage-first heap   total 8192K, used 2569K [0x0000000083400000, 0x0000000100000000)
  region size 1024K, 1 young (1024K), 1 survivors (1024K)
 Metaspace       used 7561K, committed 7744K, reserved 1064960K
  class space    used 871K, committed 960K, reserved 1048576K
}
Event: 0.369 GC heap before
{Heap before GC invocations=4 (full 0):
 garbage-first heap   total 8192K, used 3593K [0x0000000083400000, 0x0000000100000000)
  region size 1024K, 2 young (2048K), 1 survivors (1024K)
 Metaspace       used 7858K, committed 8000K, reserved 1064960K
  class space    used 904K, committed 960K, reserved 1048576K
}
Event: 0.371 GC heap after
{Heap after GC invocations=5 (full 0):
 garbage-first heap   total 10240K, used 2803K [0x0000000083400000, 0x0000000100000000)
  region size 1024K, 1 young (1024K), 1 survivors (1024K)
 Metaspace       used 7858K, committed 8000K, reserved 1064960K
  class space    used 904K, committed 960K, reserved 1048576K
}
Event: 0.427 GC heap before
{Heap before GC invocations=5 (full 0):
 garbage-first heap   total 10240K, used 4851K [0x0000000083400000, 0x0000000100000000)
  region size 1024K, 3 young (3072K), 1 survivors (1024K)
 Metaspace       used 8359K, committed 8512K, reserved 1064960K
  class space    used 968K, committed 1024K, reserved 1048576K
}
Event: 0.430 GC heap after
{Heap after GC invocations=6 (full 0):
 garbage-first heap   total 10240K, used 3969K [0x0000000083400000, 0x0000000100000000)
  region size 1024K, 1 young (1024K), 1 survivors (1024K)
 Metaspace       used 8359K, committed 8512K, reserved 1064960K
  class space    used 968K, committed 1024K, reserved 1048576K
}
Event: 0.477 GC heap before
{Heap before GC invocations=6 (full 0):
 garbage-first heap   total 10240K, used 4993K [0x0000000083400000, 0x0000000100000000)
  region size 1024K, 2 young (2048K), 1 survivors (1024K)
 Metaspace       used 8632K, committed 8704K, reserved 1064960K
  class space    used 996K, committed 1024K, reserved 1048576K
}
Event: 0.480 GC heap after
{Heap after GC invocations=7 (full 0):
 garbage-first heap   total 10240K, used 4185K [0x0000000083400000, 0x0000000100000000)
  region size 1024K, 1 young (1024K), 1 survivors (1024K)
 Metaspace       used 8632K, committed 8704K, reserved 1064960K
  class space    used 996K, committed 1024K, reserved 1048576K
}
Event: 0.497 GC heap before
{Heap before GC invocations=7 (full 0):
 garbage-first heap   total 10240K, used 5209K [0x0000000083400000, 0x0000000100000000)
  region size 1024K, 2 young (2048K), 1 survivors (1024K)
 Metaspace       used 8718K, committed 8896K, reserved 1064960K
  class space    used 1007K, committed 1088K, reserved 1048576K
}
Event: 0.498 GC heap after
{Heap after GC invocations=8 (full 0):
 garbage-first heap   total 10240K, used 4348K [0x0000000083400000, 0x0000000100000000)
  region size 1024K, 1 young (1024K), 1 survivors (1024K)
 Metaspace       used 8718K, committed 8896K, reserved 1064960K
  class space    used 1007K, committed 1088K, reserved 1048576K
}
Event: 0.505 GC heap before
{Heap before GC invocations=8 (full 0):
 garbage-first heap   total 10240K, used 5372K [0x0000000083400000, 0x0000000100000000)
  region size 1024K, 2 young (2048K), 1 survivors (1024K)
 Metaspace       used 8728K, committed 8896K, reserved 1064960K
  class space    used 1007K, committed 1088K, reserved 1048576K
}
Event: 0.506 GC heap after
{Heap after GC invocations=9 (full 0):
 garbage-first heap   total 17408K, used 4434K [0x0000000083400000, 0x0000000100000000)
  region size 1024K, 1 young (1024K), 1 survivors (1024K)
 Metaspace       used 8728K, committed 8896K, reserved 1064960K
  class space    used 1007K, committed 1088K, reserved 1048576K
}
Event: 0.573 GC heap before
{Heap before GC invocations=9 (full 0):
 garbage-first heap   total 17408K, used 9554K [0x0000000083400000, 0x0000000100000000)
  region size 1024K, 6 young (6144K), 1 survivors (1024K)
 Metaspace       used 8896K, committed 9024K, reserved 1064960K
  class space    used 1020K, committed 1088K, reserved 1048576K
}
Event: 0.576 GC heap after
{Heap after GC invocations=10 (full 0):
 garbage-first heap   total 17408K, used 5141K [0x0000000083400000, 0x0000000100000000)
  region size 1024K, 1 young (1024K), 1 survivors (1024K)
 Metaspace       used 8896K, committed 9024K, reserved 1064960K
  class space    used 1020K, committed 1088K, reserved 1048576K
}
Event: 0.628 GC heap before
{Heap before GC invocations=10 (full 0):
 garbage-first heap   total 17408K, used 10261K [0x0000000083400000, 0x0000000100000000)
  region size 1024K, 6 young (6144K), 1 survivors (1024K)
 Metaspace       used 9041K, committed 9216K, reserved 1064960K
  class space    used 1032K, committed 1088K, reserved 1048576K
}
Event: 0.633 GC heap after
{Heap after GC invocations=11 (full 0):
 garbage-first heap   total 17408K, used 6252K [0x0000000083400000, 0x0000000100000000)
  region size 1024K, 1 young (1024K), 1 survivors (1024K)
 Metaspace       used 9041K, committed 9216K, reserved 1064960K
  class space    used 1032K, committed 1088K, reserved 1048576K
}
Event: 0.669 GC heap before
{Heap before GC invocations=11 (full 0):
 garbage-first heap   total 17408K, used 10348K [0x0000000083400000, 0x0000000100000000)
  region size 1024K, 5 young (5120K), 1 survivors (1024K)
 Metaspace       used 9089K, committed 9280K, reserved 1064960K
  class space    used 1038K, committed 1088K, reserved 1048576K
}
Event: 0.672 GC heap after
{Heap after GC invocations=12 (full 0):
 garbage-first heap   total 17408K, used 7334K [0x0000000083400000, 0x0000000100000000)
  region size 1024K, 1 young (1024K), 1 survivors (1024K)
 Metaspace       used 9089K, committed 9280K, reserved 1064960K
  class space    used 1038K, committed 1088K, reserved 1048576K
}
Event: 0.698 GC heap before
{Heap before GC invocations=12 (full 0):
 garbage-first heap   total 17408K, used 11430K [0x0000000083400000, 0x0000000100000000)
  region size 1024K, 5 young (5120K), 1 survivors (1024K)
 Metaspace       used 9103K, committed 9280K, reserved 1064960K
  class space    used 1038K, committed 1088K, reserved 1048576K
}
Event: 0.702 GC heap after
{Heap after GC invocations=13 (full 0):
 garbage-first heap   total 34816K, used 8285K [0x0000000083400000, 0x0000000100000000)
  region size 1024K, 1 young (1024K), 1 survivors (1024K)
 Metaspace       used 9103K, committed 9280K, reserved 1064960K
  class space    used 1038K, committed 1088K, reserved 1048576K
}

