# JRE version: OpenJDK Runtime Environment Temurin-17.0.6+10 (17.0.6+10) (build 17.0.6+10)
# Java VM: OpenJDK 64-Bit Server VM Temurin-17.0.6+10 (17.0.6+10, mixed mode, sharing, tiered, compressed oops, compressed class ptrs, g1 gc, windows-amd64)
GC Precious Log:
 CPUs: 8 total, 8 available
 Memory: 7979M
 Large Page Support: Disabled
 NUMA Support: Disabled
 Compressed Oops: Enabled (32-bit)
 Heap Region Size: 1M
 Heap Min Capacity: 8M
 Heap Initial Capacity: 8M
 Heap Max Capacity: 1996M
 Pre-touch: Disabled
 Parallel Workers: 8
 Concurrent Workers: 2
 Concurrent Refinement Workers: 8
 Periodic GC: Disabled
Heap:
 garbage-first heap   total 30720K, used 11740K [0x0000000083400000, 0x0000000100000000)
  region size 1024K, 4 young (4096K), 2 survivors (2048K)
 Metaspace       used 9859K, committed 10048K, reserved 1064960K
  class space    used 1115K, committed 1216K, reserved 1048576K
GC Heap History (20 events):
Event: 0.482 GC heap before
{Heap before GC invocations=4 (full 0):
 garbage-first heap   total 8192K, used 3556K [0x0000000083400000, 0x0000000100000000)
  region size 1024K, 2 young (2048K), 1 survivors (1024K)
 Metaspace       used 7860K, committed 8000K, reserved 1064960K
  class space    used 904K, committed 960K, reserved 1048576K
}
Event: 0.484 GC heap after
{Heap after GC invocations=5 (full 0):
 garbage-first heap   total 10240K, used 2833K [0x0000000083400000, 0x0000000100000000)
  region size 1024K, 1 young (1024K), 1 survivors (1024K)
 Metaspace       used 7860K, committed 8000K, reserved 1064960K
  class space    used 904K, committed 960K, reserved 1048576K
}
Event: 0.566 GC heap before
{Heap before GC invocations=5 (full 0):
 garbage-first heap   total 10240K, used 4881K [0x0000000083400000, 0x0000000100000000)
  region size 1024K, 3 young (3072K), 1 survivors (1024K)
 Metaspace       used 8363K, committed 8512K, reserved 1064960K
  class space    used 968K, committed 1024K, reserved 1048576K
}
Event: 0.570 GC heap after
{Heap after GC invocations=6 (full 0):
 garbage-first heap   total 10240K, used 3988K [0x0000000083400000, 0x0000000100000000)
  region size 1024K, 1 young (1024K), 1 survivors (1024K)
 Metaspace       used 8363K, committed 8512K, reserved 1064960K
  class space    used 968K, committed 1024K, reserved 1048576K
}
Event: 0.610 GC heap before
{Heap before GC invocations=6 (full 0):
 garbage-first heap   total 10240K, used 5012K [0x0000000083400000, 0x0000000100000000)
  region size 1024K, 2 young (2048K), 1 survivors (1024K)
 Metaspace       used 8635K, committed 8768K, reserved 1064960K
  class space    used 996K, committed 1024K, reserved 1048576K
}
Event: 0.612 GC heap after
{Heap after GC invocations=7 (full 0):
 garbage-first heap   total 10240K, used 4183K [0x0000000083400000, 0x0000000100000000)
  region size 1024K, 1 young (1024K), 1 survivors (1024K)
 Metaspace       used 8635K, committed 8768K, reserved 1064960K
  class space    used 996K, committed 1024K, reserved 1048576K
}
Event: 0.632 GC heap before
{Heap before GC invocations=7 (full 0):
 garbage-first heap   total 10240K, used 5207K [0x0000000083400000, 0x0000000100000000)
  region size 1024K, 2 young (2048K), 1 survivors (1024K)
 Metaspace       used 8719K, committed 8896K, reserved 1064960K
  class space    used 1007K, committed 1088K, reserved 1048576K
}
Event: 0.633 GC heap after
{Heap after GC invocations=8 (full 0):
 garbage-first heap   total 10240K, used 4317K [0x0000000083400000, 0x0000000100000000)
  region size 1024K, 1 young (1024K), 1 survivors (1024K)
 Metaspace       used 8719K, committed 8896K, reserved 1064960K
  class space    used 1007K, committed 1088K, reserved 1048576K
}
Event: 0.642 GC heap before
{Heap before GC invocations=8 (full 0):
 garbage-first heap   total 10240K, used 5341K [0x0000000083400000, 0x0000000100000000)
  region size 1024K, 2 young (2048K), 1 survivors (1024K)
 Metaspace       used 8730K, committed 8896K, reserved 1064960K
  class space    used 1007K, committed 1088K, reserved 1048576K
}
Event: 0.644 GC heap after
{Heap after GC invocations=9 (full 0):
 garbage-first heap   total 15360K, used 4410K [0x0000000083400000, 0x0000000100000000)
  region size 1024K, 1 young (1024K), 1 survivors (1024K)
 Metaspace       used 8730K, committed 8896K, reserved 1064960K
  class space    used 1007K, committed 1088K, reserved 1048576K
}
Event: 0.710 GC heap before
{Heap before GC invocations=9 (full 0):
 garbage-first heap   total 15360K, used 8506K [0x0000000083400000, 0x0000000100000000)
  region size 1024K, 5 young (5120K), 1 survivors (1024K)
 Metaspace       used 8896K, committed 9024K, reserved 1064960K
  class space    used 1020K, committed 1088K, reserved 1048576K
}
Event: 0.712 GC heap after
{Heap after GC invocations=10 (full 0):
 garbage-first heap   total 15360K, used 5018K [0x0000000083400000, 0x0000000100000000)
  region size 1024K, 1 young (1024K), 1 survivors (1024K)
 Metaspace       used 8896K, committed 9024K, reserved 1064960K
  class space    used 1020K, committed 1088K, reserved 1048576K
}
Event: 0.759 GC heap before
{Heap before GC invocations=10 (full 0):
 garbage-first heap   total 15360K, used 9114K [0x0000000083400000, 0x0000000100000000)
  region size 1024K, 5 young (5120K), 1 survivors (1024K)
 Metaspace       used 9044K, committed 9216K, reserved 1064960K
  class space    used 1032K, committed 1088K, reserved 1048576K
}
Event: 0.763 GC heap after
{Heap after GC invocations=11 (full 0):
 garbage-first heap   total 15360K, used 5991K [0x0000000083400000, 0x0000000100000000)
  region size 1024K, 1 young (1024K), 1 survivors (1024K)
 Metaspace       used 9044K, committed 9216K, reserved 1064960K
  class space    used 1032K, committed 1088K, reserved 1048576K
}
Event: 0.782 GC heap before
{Heap before GC invocations=11 (full 0):
 garbage-first heap   total 15360K, used 10087K [0x0000000083400000, 0x0000000100000000)
  region size 1024K, 5 young (5120K), 1 survivors (1024K)
 Metaspace       used 9045K, committed 9216K, reserved 1064960K
  class space    used 1032K, committed 1088K, reserved 1048576K
}
Event: 0.785 GC heap after
{Heap after GC invocations=12 (full 0):
 garbage-first heap   total 15360K, used 6532K [0x0000000083400000, 0x0000000100000000)
  region size 1024K, 1 young (1024K), 1 survivors (1024K)
 Metaspace       used 9045K, committed 9216K, reserved 1064960K
  class space    used 1032K, committed 1088K, reserved 1048576K
}
Event: 0.807 GC heap before
{Heap before GC invocations=12 (full 0):
 garbage-first heap   total 15360K, used 9604K [0x0000000083400000, 0x0000000100000000)
  region size 1024K, 4 young (4096K), 1 survivors (1024K)
 Metaspace       used 9092K, committed 9280K, reserved 1064960K
  class space    used 1038K, committed 1088K, reserved 1048576K
}
Event: 0.811 GC heap after
{Heap after GC invocations=13 (full 0):
 garbage-first heap   total 30720K, used 7431K [0x0000000083400000, 0x0000000100000000)
  region size 1024K, 1 young (1024K), 1 survivors (1024K)
 Metaspace       used 9092K, committed 9280K, reserved 1064960K
  class space    used 1038K, committed 1088K, reserved 1048576K
}
Event: 1.010 GC heap before
{Heap before GC invocations=13 (full 0):
 garbage-first heap   total 30720K, used 19719K [0x0000000083400000, 0x0000000100000000)
  region size 1024K, 12 young (12288K), 1 survivors (1024K)
 Metaspace       used 9784K, committed 9984K, reserved 1064960K
  class space    used 1115K, committed 1216K, reserved 1048576K
}
Event: 1.020 GC heap after
{Heap after GC invocations=14 (full 0):
 garbage-first heap   total 30720K, used 10716K [0x0000000083400000, 0x0000000100000000)
  region size 1024K, 2 young (2048K), 2 survivors (2048K)
 Metaspace       used 9784K, committed 9984K, reserved 1064960K
  class space    used 1115K, committed 1216K, reserved 1048576K
}

