# JRE version: OpenJDK Runtime Environment Temurin-17.0.6+10 (17.0.6+10) (build 17.0.6+10)
# Java VM: OpenJDK 64-Bit Server VM Temurin-17.0.6+10 (17.0.6+10, mixed mode, sharing, tiered, compressed oops, compressed class ptrs, g1 gc, windows-amd64)
GC Precious Log:
 CPUs: 8 total, 8 available
 Memory: 7979M
 Large Page Support: Disabled
 NUMA Support: Disabled
 Compressed Oops: Enabled (32-bit)
 Heap Region Size: 1M
 Heap Min Capacity: 8M
 Heap Initial Capacity: 8M
 Heap Max Capacity: 1996M
 Pre-touch: Disabled
 Parallel Workers: 8
 Concurrent Workers: 2
 Concurrent Refinement Workers: 8
 Periodic GC: Disabled
Heap:
 garbage-first heap   total 16384K, used 7861K [0x0000000083400000, 0x0000000100000000)
  region size 1024K, 1 young (1024K), 1 survivors (1024K)
 Metaspace       used 9088K, committed 9280K, reserved 1064960K
  class space    used 1039K, committed 1088K, reserved 1048576K
GC Heap History (20 events):
Event: 0.292 GC heap after
{Heap after GC invocations=3 (full 0):
 garbage-first heap   total 8192K, used 2279K [0x0000000083400000, 0x0000000100000000)
  region size 1024K, 1 young (1024K), 1 survivors (1024K)
 Metaspace       used 6561K, committed 6720K, reserved 1064960K
  class space    used 794K, committed 896K, reserved 1048576K
}
Event: 0.350 GC heap before
{Heap before GC invocations=3 (full 0):
 garbage-first heap   total 8192K, used 3303K [0x0000000083400000, 0x0000000100000000)
  region size 1024K, 2 young (2048K), 1 survivors (1024K)
 Metaspace       used 7566K, committed 7744K, reserved 1064960K
  class space    used 872K, committed 960K, reserved 1048576K
}
Event: 0.351 GC heap after
{Heap after GC invocations=4 (full 0):
 garbage-first heap   total 8192K, used 2663K [0x0000000083400000, 0x0000000100000000)
  region size 1024K, 1 young (1024K), 1 survivors (1024K)
 Metaspace       used 7566K, committed 7744K, reserved 1064960K
  class space    used 872K, committed 960K, reserved 1048576K
}
Event: 0.387 GC heap before
{Heap before GC invocations=4 (full 0):
 garbage-first heap   total 8192K, used 3687K [0x0000000083400000, 0x0000000100000000)
  region size 1024K, 2 young (2048K), 1 survivors (1024K)
 Metaspace       used 7859K, committed 8000K, reserved 1064960K
  class space    used 904K, committed 960K, reserved 1048576K
}
Event: 0.389 GC heap after
{Heap after GC invocations=5 (full 0):
 garbage-first heap   total 10240K, used 2861K [0x0000000083400000, 0x0000000100000000)
  region size 1024K, 1 young (1024K), 1 survivors (1024K)
 Metaspace       used 7859K, committed 8000K, reserved 1064960K
  class space    used 904K, committed 960K, reserved 1048576K
}
Event: 0.450 GC heap before
{Heap before GC invocations=5 (full 0):
 garbage-first heap   total 10240K, used 4909K [0x0000000083400000, 0x0000000100000000)
  region size 1024K, 3 young (3072K), 1 survivors (1024K)
 Metaspace       used 8361K, committed 8512K, reserved 1064960K
  class space    used 968K, committed 1024K, reserved 1048576K
}
Event: 0.453 GC heap after
{Heap after GC invocations=6 (full 0):
 garbage-first heap   total 10240K, used 4036K [0x0000000083400000, 0x0000000100000000)
  region size 1024K, 1 young (1024K), 1 survivors (1024K)
 Metaspace       used 8361K, committed 8512K, reserved 1064960K
  class space    used 968K, committed 1024K, reserved 1048576K
}
Event: 0.495 GC heap before
{Heap before GC invocations=6 (full 0):
 garbage-first heap   total 10240K, used 5060K [0x0000000083400000, 0x0000000100000000)
  region size 1024K, 2 young (2048K), 1 survivors (1024K)
 Metaspace       used 8631K, committed 8704K, reserved 1064960K
  class space    used 997K, committed 1024K, reserved 1048576K
}
Event: 0.497 GC heap after
{Heap after GC invocations=7 (full 0):
 garbage-first heap   total 10240K, used 4263K [0x0000000083400000, 0x0000000100000000)
  region size 1024K, 1 young (1024K), 1 survivors (1024K)
 Metaspace       used 8631K, committed 8704K, reserved 1064960K
  class space    used 997K, committed 1024K, reserved 1048576K
}
Event: 0.516 GC heap before
{Heap before GC invocations=7 (full 0):
 garbage-first heap   total 10240K, used 5287K [0x0000000083400000, 0x0000000100000000)
  region size 1024K, 2 young (2048K), 1 survivors (1024K)
 Metaspace       used 8713K, committed 8896K, reserved 1064960K
  class space    used 1008K, committed 1088K, reserved 1048576K
}
Event: 0.517 GC heap after
{Heap after GC invocations=8 (full 0):
 garbage-first heap   total 10240K, used 4396K [0x0000000083400000, 0x0000000100000000)
  region size 1024K, 1 young (1024K), 1 survivors (1024K)
 Metaspace       used 8713K, committed 8896K, reserved 1064960K
  class space    used 1008K, committed 1088K, reserved 1048576K
}
Event: 0.524 GC heap before
{Heap before GC invocations=8 (full 0):
 garbage-first heap   total 10240K, used 5420K [0x0000000083400000, 0x0000000100000000)
  region size 1024K, 2 young (2048K), 1 survivors (1024K)
 Metaspace       used 8720K, committed 8896K, reserved 1064960K
  class space    used 1008K, committed 1088K, reserved 1048576K
}
Event: 0.525 GC heap after
{Heap after GC invocations=9 (full 0):
 garbage-first heap   total 16384K, used 4507K [0x0000000083400000, 0x0000000100000000)
  region size 1024K, 1 young (1024K), 1 survivors (1024K)
 Metaspace       used 8720K, committed 8896K, reserved 1064960K
  class space    used 1008K, committed 1088K, reserved 1048576K
}
Event: 0.580 GC heap before
{Heap before GC invocations=9 (full 0):
 garbage-first heap   total 16384K, used 8603K [0x0000000083400000, 0x0000000100000000)
  region size 1024K, 5 young (5120K), 1 survivors (1024K)
 Metaspace       used 8889K, committed 9024K, reserved 1064960K
  class space    used 1021K, committed 1088K, reserved 1048576K
}
Event: 0.582 GC heap after
{Heap after GC invocations=10 (full 0):
 garbage-first heap   total 16384K, used 5115K [0x0000000083400000, 0x0000000100000000)
  region size 1024K, 1 young (1024K), 1 survivors (1024K)
 Metaspace       used 8889K, committed 9024K, reserved 1064960K
  class space    used 1021K, committed 1088K, reserved 1048576K
}
Event: 0.627 GC heap before
{Heap before GC invocations=10 (full 0):
 garbage-first heap   total 16384K, used 10235K [0x0000000083400000, 0x0000000100000000)
  region size 1024K, 6 young (6144K), 1 survivors (1024K)
 Metaspace       used 9040K, committed 9152K, reserved 1064960K
  class space    used 1032K, committed 1088K, reserved 1048576K
}
Event: 0.631 GC heap after
{Heap after GC invocations=11 (full 0):
 garbage-first heap   total 16384K, used 6243K [0x0000000083400000, 0x0000000100000000)
  region size 1024K, 1 young (1024K), 1 survivors (1024K)
 Metaspace       used 9040K, committed 9152K, reserved 1064960K
  class space    used 1032K, committed 1088K, reserved 1048576K
}
Event: 0.640 GC heap before
{Heap before GC invocations=11 (full 0):
 garbage-first heap   total 16384K, used 9315K [0x0000000083400000, 0x0000000100000000)
  region size 1024K, 4 young (4096K), 1 survivors (1024K)
 Metaspace       used 9041K, committed 9216K, reserved 1064960K
  class space    used 1032K, committed 1088K, reserved 1048576K
}
Event: 0.643 GC heap after
{Heap after GC invocations=12 (full 0):
 garbage-first heap   total 16384K, used 6862K [0x0000000083400000, 0x0000000100000000)
  region size 1024K, 1 young (1024K), 1 survivors (1024K)
 Metaspace       used 9041K, committed 9216K, reserved 1064960K
  class space    used 1032K, committed 1088K, reserved 1048576K
}
Event: 0.665 GC heap before
{Heap before GC invocations=12 (full 0):
 garbage-first heap   total 16384K, used 9934K [0x0000000083400000, 0x0000000100000000)
  region size 1024K, 4 young (4096K), 1 survivors (1024K)
 Metaspace       used 9088K, committed 9280K, reserved 1064960K
  class space    used 1039K, committed 1088K, reserved 1048576K
}

