# JRE version: OpenJDK Runtime Environment Temurin-17.0.6+10 (17.0.6+10) (build 17.0.6+10)
# Java VM: OpenJDK 64-Bit Server VM Temurin-17.0.6+10 (17.0.6+10, mixed mode, sharing, tiered, compressed oops, compressed class ptrs, g1 gc, windows-amd64)
GC Precious Log:
 CPUs: 8 total, 8 available
 Memory: 7979M
 Large Page Support: Disabled
 NUMA Support: Disabled
 Compressed Oops: Enabled (32-bit)
 Heap Region Size: 1M
 Heap Min Capacity: 8M
 Heap Initial Capacity: 8M
 Heap Max Capacity: 1996M
 Pre-touch: Disabled
 Parallel Workers: 8
 Concurrent Workers: 2
 Concurrent Refinement Workers: 8
 Periodic GC: Disabled
Heap:
 garbage-first heap   total 38912K, used 15243K [0x0000000083400000, 0x0000000100000000)
  region size 1024K, 7 young (7168K), 1 survivors (1024K)
 Metaspace       used 9712K, committed 9920K, reserved 1064960K
  class space    used 1119K, committed 1216K, reserved 1048576K
GC Heap History (20 events):
Event: 0.384 GC heap before
{Heap before GC invocations=3 (full 0):
 garbage-first heap   total 8192K, used 3184K [0x0000000083400000, 0x0000000100000000)
  region size 1024K, 2 young (2048K), 1 survivors (1024K)
 Metaspace       used 7637K, committed 7744K, reserved 1064960K
  class space    used 883K, committed 960K, reserved 1048576K
}
Event: 0.385 GC heap after
{Heap after GC invocations=4 (full 0):
 garbage-first heap   total 8192K, used 2507K [0x0000000083400000, 0x0000000100000000)
  region size 1024K, 1 young (1024K), 1 survivors (1024K)
 Metaspace       used 7637K, committed 7744K, reserved 1064960K
  class space    used 883K, committed 960K, reserved 1048576K
}
Event: 0.419 GC heap before
{Heap before GC invocations=4 (full 0):
 garbage-first heap   total 8192K, used 3531K [0x0000000083400000, 0x0000000100000000)
  region size 1024K, 2 young (2048K), 1 survivors (1024K)
 Metaspace       used 7876K, committed 8064K, reserved 1064960K
  class space    used 909K, committed 1024K, reserved 1048576K
}
Event: 0.422 GC heap after
{Heap after GC invocations=5 (full 0):
 garbage-first heap   total 10240K, used 2898K [0x0000000083400000, 0x0000000100000000)
  region size 1024K, 1 young (1024K), 1 survivors (1024K)
 Metaspace       used 7876K, committed 8064K, reserved 1064960K
  class space    used 909K, committed 1024K, reserved 1048576K
}
Event: 0.490 GC heap before
{Heap before GC invocations=5 (full 0):
 garbage-first heap   total 10240K, used 3922K [0x0000000083400000, 0x0000000100000000)
  region size 1024K, 3 young (3072K), 1 survivors (1024K)
 Metaspace       used 8421K, committed 8512K, reserved 1064960K
  class space    used 975K, committed 1024K, reserved 1048576K
}
Event: 0.493 GC heap after
{Heap after GC invocations=6 (full 0):
 garbage-first heap   total 10240K, used 3916K [0x0000000083400000, 0x0000000100000000)
  region size 1024K, 1 young (1024K), 1 survivors (1024K)
 Metaspace       used 8421K, committed 8512K, reserved 1064960K
  class space    used 975K, committed 1024K, reserved 1048576K
}
Event: 0.521 GC heap before
{Heap before GC invocations=6 (full 0):
 garbage-first heap   total 10240K, used 4940K [0x0000000083400000, 0x0000000100000000)
  region size 1024K, 2 young (2048K), 1 survivors (1024K)
 Metaspace       used 8628K, committed 8832K, reserved 1064960K
  class space    used 1004K, committed 1088K, reserved 1048576K
}
Event: 0.524 GC heap after
{Heap after GC invocations=7 (full 0):
 garbage-first heap   total 10240K, used 4135K [0x0000000083400000, 0x0000000100000000)
  region size 1024K, 1 young (1024K), 1 survivors (1024K)
 Metaspace       used 8628K, committed 8832K, reserved 1064960K
  class space    used 1004K, committed 1088K, reserved 1048576K
}
Event: 0.532 GC heap before
{Heap before GC invocations=7 (full 0):
 garbage-first heap   total 10240K, used 5159K [0x0000000083400000, 0x0000000100000000)
  region size 1024K, 2 young (2048K), 1 survivors (1024K)
 Metaspace       used 8652K, committed 8832K, reserved 1064960K
  class space    used 1004K, committed 1088K, reserved 1048576K
}
Event: 0.533 GC heap after
{Heap after GC invocations=8 (full 0):
 garbage-first heap   total 10240K, used 4291K [0x0000000083400000, 0x0000000100000000)
  region size 1024K, 1 young (1024K), 1 survivors (1024K)
 Metaspace       used 8652K, committed 8832K, reserved 1064960K
  class space    used 1004K, committed 1088K, reserved 1048576K
}
Event: 0.550 GC heap before
{Heap before GC invocations=8 (full 0):
 garbage-first heap   total 10240K, used 5315K [0x0000000083400000, 0x0000000100000000)
  region size 1024K, 2 young (2048K), 1 survivors (1024K)
 Metaspace       used 8703K, committed 8896K, reserved 1064960K
  class space    used 1004K, committed 1088K, reserved 1048576K
}
Event: 0.552 GC heap after
{Heap after GC invocations=9 (full 0):
 garbage-first heap   total 19456K, used 4387K [0x0000000083400000, 0x0000000100000000)
  region size 1024K, 1 young (1024K), 1 survivors (1024K)
 Metaspace       used 8703K, committed 8896K, reserved 1064960K
  class space    used 1004K, committed 1088K, reserved 1048576K
}
Event: 0.618 GC heap before
{Heap before GC invocations=9 (full 0):
 garbage-first heap   total 19456K, used 10531K [0x0000000083400000, 0x0000000100000000)
  region size 1024K, 7 young (7168K), 1 survivors (1024K)
 Metaspace       used 8948K, committed 9152K, reserved 1064960K
  class space    used 1027K, committed 1088K, reserved 1048576K
}
Event: 0.621 GC heap after
{Heap after GC invocations=10 (full 0):
 garbage-first heap   total 19456K, used 5423K [0x0000000083400000, 0x0000000100000000)
  region size 1024K, 1 young (1024K), 1 survivors (1024K)
 Metaspace       used 8948K, committed 9152K, reserved 1064960K
  class space    used 1027K, committed 1088K, reserved 1048576K
}
Event: 0.699 GC heap before
{Heap before GC invocations=10 (full 0):
 garbage-first heap   total 19456K, used 11567K [0x0000000083400000, 0x0000000100000000)
  region size 1024K, 7 young (7168K), 1 survivors (1024K)
 Metaspace       used 9086K, committed 9216K, reserved 1064960K
  class space    used 1042K, committed 1088K, reserved 1048576K
}
Event: 0.707 GC heap after
{Heap after GC invocations=11 (full 0):
 garbage-first heap   total 19456K, used 7200K [0x0000000083400000, 0x0000000100000000)
  region size 1024K, 1 young (1024K), 1 survivors (1024K)
 Metaspace       used 9086K, committed 9216K, reserved 1064960K
  class space    used 1042K, committed 1088K, reserved 1048576K
}
Event: 0.736 GC heap before
{Heap before GC invocations=11 (full 0):
 garbage-first heap   total 19456K, used 12320K [0x0000000083400000, 0x0000000100000000)
  region size 1024K, 6 young (6144K), 1 survivors (1024K)
 Metaspace       used 9096K, committed 9216K, reserved 1064960K
  class space    used 1042K, committed 1088K, reserved 1048576K
}
Event: 0.743 GC heap after
{Heap after GC invocations=12 (full 0):
 garbage-first heap   total 19456K, used 8028K [0x0000000083400000, 0x0000000100000000)
  region size 1024K, 1 young (1024K), 1 survivors (1024K)
 Metaspace       used 9096K, committed 9216K, reserved 1064960K
  class space    used 1042K, committed 1088K, reserved 1048576K
}
Event: 0.863 GC heap before
{Heap before GC invocations=12 (full 0):
 garbage-first heap   total 19456K, used 12124K [0x0000000083400000, 0x0000000100000000)
  region size 1024K, 6 young (6144K), 1 survivors (1024K)
 Metaspace       used 9511K, committed 9728K, reserved 1064960K
  class space    used 1091K, committed 1216K, reserved 1048576K
}
Event: 0.870 GC heap after
{Heap after GC invocations=13 (full 0):
 garbage-first heap   total 38912K, used 9099K [0x0000000083400000, 0x0000000100000000)
  region size 1024K, 1 young (1024K), 1 survivors (1024K)
 Metaspace       used 9511K, committed 9728K, reserved 1064960K
  class space    used 1091K, committed 1216K, reserved 1048576K
}

