# JRE version: OpenJDK Runtime Environment Temurin-17.0.6+10 (17.0.6+10) (build 17.0.6+10)
# Java VM: OpenJDK 64-Bit Server VM Temurin-17.0.6+10 (17.0.6+10, mixed mode, sharing, tiered, compressed oops, compressed class ptrs, g1 gc, windows-amd64)
GC Precious Log:
 CPUs: 8 total, 8 available
 Memory: 7979M
 Large Page Support: Disabled
 NUMA Support: Disabled
 Compressed Oops: Enabled (32-bit)
 Heap Region Size: 1M
 Heap Min Capacity: 8M
 Heap Initial Capacity: 8M
 Heap Max Capacity: 1996M
 Pre-touch: Disabled
 Parallel Workers: 8
 Concurrent Workers: 2
 Concurrent Refinement Workers: 8
 Periodic GC: Disabled
Heap:
 garbage-first heap   total 34816K, used 11264K [0x0000000083400000, 0x0000000100000000)
  region size 1024K, 5 young (5120K), 1 survivors (1024K)
 Metaspace       used 9434K, committed 9664K, reserved 1064960K
  class space    used 1082K, committed 1216K, reserved 1048576K
GC Heap History (20 events):
Event: 0.346 GC heap before
{Heap before GC invocations=3 (full 0):
 garbage-first heap   total 8192K, used 2184K [0x0000000083400000, 0x0000000100000000)
  region size 1024K, 2 young (2048K), 1 survivors (1024K)
 Metaspace       used 7563K, committed 7744K, reserved 1064960K
  class space    used 873K, committed 960K, reserved 1048576K
}
Event: 0.347 GC heap after
{Heap after GC invocations=4 (full 0):
 garbage-first heap   total 8192K, used 2556K [0x0000000083400000, 0x0000000100000000)
  region size 1024K, 1 young (1024K), 1 survivors (1024K)
 Metaspace       used 7563K, committed 7744K, reserved 1064960K
  class space    used 873K, committed 960K, reserved 1048576K
}
Event: 0.377 GC heap before
{Heap before GC invocations=4 (full 0):
 garbage-first heap   total 8192K, used 3580K [0x0000000083400000, 0x0000000100000000)
  region size 1024K, 2 young (2048K), 1 survivors (1024K)
 Metaspace       used 7858K, committed 8000K, reserved 1064960K
  class space    used 905K, committed 960K, reserved 1048576K
}
Event: 0.379 GC heap after
{Heap after GC invocations=5 (full 0):
 garbage-first heap   total 10240K, used 2825K [0x0000000083400000, 0x0000000100000000)
  region size 1024K, 1 young (1024K), 1 survivors (1024K)
 Metaspace       used 7858K, committed 8000K, reserved 1064960K
  class space    used 905K, committed 960K, reserved 1048576K
}
Event: 0.435 GC heap before
{Heap before GC invocations=5 (full 0):
 garbage-first heap   total 10240K, used 4873K [0x0000000083400000, 0x0000000100000000)
  region size 1024K, 3 young (3072K), 1 survivors (1024K)
 Metaspace       used 8359K, committed 8512K, reserved 1064960K
  class space    used 969K, committed 1024K, reserved 1048576K
}
Event: 0.439 GC heap after
{Heap after GC invocations=6 (full 0):
 garbage-first heap   total 10240K, used 3977K [0x0000000083400000, 0x0000000100000000)
  region size 1024K, 1 young (1024K), 1 survivors (1024K)
 Metaspace       used 8359K, committed 8512K, reserved 1064960K
  class space    used 969K, committed 1024K, reserved 1048576K
}
Event: 0.478 GC heap before
{Heap before GC invocations=6 (full 0):
 garbage-first heap   total 10240K, used 5001K [0x0000000083400000, 0x0000000100000000)
  region size 1024K, 2 young (2048K), 1 survivors (1024K)
 Metaspace       used 8630K, committed 8768K, reserved 1064960K
  class space    used 998K, committed 1024K, reserved 1048576K
}
Event: 0.481 GC heap after
{Heap after GC invocations=7 (full 0):
 garbage-first heap   total 10240K, used 4184K [0x0000000083400000, 0x0000000100000000)
  region size 1024K, 1 young (1024K), 1 survivors (1024K)
 Metaspace       used 8630K, committed 8768K, reserved 1064960K
  class space    used 998K, committed 1024K, reserved 1048576K
}
Event: 0.500 GC heap before
{Heap before GC invocations=7 (full 0):
 garbage-first heap   total 10240K, used 5208K [0x0000000083400000, 0x0000000100000000)
  region size 1024K, 2 young (2048K), 1 survivors (1024K)
 Metaspace       used 8715K, committed 8896K, reserved 1064960K
  class space    used 1009K, committed 1088K, reserved 1048576K
}
Event: 0.501 GC heap after
{Heap after GC invocations=8 (full 0):
 garbage-first heap   total 10240K, used 4317K [0x0000000083400000, 0x0000000100000000)
  region size 1024K, 1 young (1024K), 1 survivors (1024K)
 Metaspace       used 8715K, committed 8896K, reserved 1064960K
  class space    used 1009K, committed 1088K, reserved 1048576K
}
Event: 0.508 GC heap before
{Heap before GC invocations=8 (full 0):
 garbage-first heap   total 10240K, used 5341K [0x0000000083400000, 0x0000000100000000)
  region size 1024K, 2 young (2048K), 1 survivors (1024K)
 Metaspace       used 8725K, committed 8896K, reserved 1064960K
  class space    used 1009K, committed 1088K, reserved 1048576K
}
Event: 0.510 GC heap after
{Heap after GC invocations=9 (full 0):
 garbage-first heap   total 17408K, used 4408K [0x0000000083400000, 0x0000000100000000)
  region size 1024K, 1 young (1024K), 1 survivors (1024K)
 Metaspace       used 8725K, committed 8896K, reserved 1064960K
  class space    used 1009K, committed 1088K, reserved 1048576K
}
Event: 0.575 GC heap before
{Heap before GC invocations=9 (full 0):
 garbage-first heap   total 17408K, used 9528K [0x0000000083400000, 0x0000000100000000)
  region size 1024K, 6 young (6144K), 1 survivors (1024K)
 Metaspace       used 8899K, committed 9024K, reserved 1064960K
  class space    used 1022K, committed 1088K, reserved 1048576K
}
Event: 0.578 GC heap after
{Heap after GC invocations=10 (full 0):
 garbage-first heap   total 17408K, used 5141K [0x0000000083400000, 0x0000000100000000)
  region size 1024K, 1 young (1024K), 1 survivors (1024K)
 Metaspace       used 8899K, committed 9024K, reserved 1064960K
  class space    used 1022K, committed 1088K, reserved 1048576K
}
Event: 0.619 GC heap before
{Heap before GC invocations=10 (full 0):
 garbage-first heap   total 17408K, used 10261K [0x0000000083400000, 0x0000000100000000)
  region size 1024K, 6 young (6144K), 1 survivors (1024K)
 Metaspace       used 9040K, committed 9216K, reserved 1064960K
  class space    used 1034K, committed 1088K, reserved 1048576K
}
Event: 0.623 GC heap after
{Heap after GC invocations=11 (full 0):
 garbage-first heap   total 17408K, used 6258K [0x0000000083400000, 0x0000000100000000)
  region size 1024K, 1 young (1024K), 1 survivors (1024K)
 Metaspace       used 9040K, committed 9216K, reserved 1064960K
  class space    used 1034K, committed 1088K, reserved 1048576K
}
Event: 0.650 GC heap before
{Heap before GC invocations=11 (full 0):
 garbage-first heap   total 17408K, used 10354K [0x0000000083400000, 0x0000000100000000)
  region size 1024K, 5 young (5120K), 1 survivors (1024K)
 Metaspace       used 9089K, committed 9280K, reserved 1064960K
  class space    used 1041K, committed 1088K, reserved 1048576K
}
Event: 0.654 GC heap after
{Heap after GC invocations=12 (full 0):
 garbage-first heap   total 17408K, used 7246K [0x0000000083400000, 0x0000000100000000)
  region size 1024K, 1 young (1024K), 1 survivors (1024K)
 Metaspace       used 9089K, committed 9280K, reserved 1064960K
  class space    used 1041K, committed 1088K, reserved 1048576K
}
Event: 0.674 GC heap before
{Heap before GC invocations=12 (full 0):
 garbage-first heap   total 17408K, used 11342K [0x0000000083400000, 0x0000000100000000)
  region size 1024K, 5 young (5120K), 1 survivors (1024K)
 Metaspace       used 9104K, committed 9280K, reserved 1064960K
  class space    used 1041K, committed 1088K, reserved 1048576K
}
Event: 0.678 GC heap after
{Heap after GC invocations=13 (full 0):
 garbage-first heap   total 34816K, used 8192K [0x0000000083400000, 0x0000000100000000)
  region size 1024K, 1 young (1024K), 1 survivors (1024K)
 Metaspace       used 9104K, committed 9280K, reserved 1064960K
  class space    used 1041K, committed 1088K, reserved 1048576K
}

